<?xml version="1.0" encoding="UTF-8"?>
<!-- Generated by org.testng.reporters.JUnitReportReporter -->
<testsuite hostname="supriya" failures="0" tests="1" name="alphaware.ecommerce.admin.Login.ManageTranscationstest" time="11.185" errors="0" timestamp="16 Jul 2024 12:16:15 GMT" skipped="0">
  <testcase classname="alphaware.ecommerce.admin.Login.ManageTranscationstest" name="TranscationsTest" time="11.185"/>
</testsuite> <!-- alphaware.ecommerce.admin.Login.ManageTranscationstest -->
