<?xml version="1.0" encoding="UTF-8"?>
<!-- Generated by org.testng.reporters.JUnitReportReporter -->
<testsuite hostname="supriya" failures="0" tests="1" name="alphaware.ecommerce.admin.Login.Admin_login_logoutTest" time="5.940" errors="0" timestamp="12 Jul 2024 10:15:28 GMT" skipped="0">
  <testcase classname="alphaware.ecommerce.admin.Login.Admin_login_logoutTest" name="loginTest" time="5.940"/>
</testsuite> <!-- alphaware.ecommerce.admin.Login.Admin_login_logoutTest -->
