<?xml version="1.0" encoding="UTF-8"?>
<!-- Generated by org.testng.reporters.JUnitReportReporter -->
<testsuite hostname="supriya" failures="0" tests="1" name="alphaware.ecommerce.admin.Login.StockINProductINFeatureTest" time="7.269" errors="0" timestamp="17 Jul 2024 07:11:32 GMT" skipped="0">
  <testcase classname="alphaware.ecommerce.admin.Login.StockINProductINFeatureTest" name="stockin" time="7.269"/>
</testsuite> <!-- alphaware.ecommerce.admin.Login.StockINProductINFeatureTest -->
