<?xml version="1.0" encoding="UTF-8"?>
<!-- Generated by org.testng.reporters.JUnitReportReporter -->
<testsuite hostname="supriya" failures="0" tests="1" name="alphaware.ecommerce.admin.Login.AddproductsInFootballandsearch" time="11.153" errors="0" timestamp="17 Jul 2024 07:05:34 GMT" skipped="0">
  <testcase classname="alphaware.ecommerce.admin.Login.AddproductsInFootballandsearch" name="addproductsInFootballandsearch" time="11.153"/>
</testsuite> <!-- alphaware.ecommerce.admin.Login.AddproductsInFootballandsearch -->
