<?xml version="1.0" encoding="UTF-8"?>
<!-- Generated by org.testng.reporters.JUnitReportReporter -->
<testsuite hostname="supriya" failures="0" tests="1" name="alphaware.ecommerce.admin.Login.StockOutProductINFeatureTest" time="20.110" errors="0" timestamp="16 Jul 2024 11:59:52 GMT" skipped="0">
  <testcase classname="alphaware.ecommerce.admin.Login.StockOutProductINFeatureTest" name="stockout" time="20.110"/>
</testsuite> <!-- alphaware.ecommerce.admin.Login.StockOutProductINFeatureTest -->
