<?xml version="1.0" encoding="UTF-8"?>
<!-- Generated by org.testng.reporters.JUnitReportReporter -->
<testsuite hostname="supriya" failures="0" tests="1" name="alphaware.ecommerce.admin.Login.AddProductsBasketballTest" time="19.371" errors="0" timestamp="17 Jul 2024 06:53:41 GMT" skipped="0">
  <testcase classname="alphaware.ecommerce.admin.Login.AddProductsBasketballTest" name="addproductsbasketball" time="19.371"/>
</testsuite> <!-- alphaware.ecommerce.admin.Login.AddProductsBasketballTest -->
